[main][2023-03-03 22:29:36][INFO][main][startup_event][65]: Starting API...
[app.core.decorators][2023-03-03 22:29:36][INFO][decorators][wrapper][23]: Calling update_json
[app.core.decorators][2023-03-03 22:29:36][INFO][decorators][wrapper][46]: Execution of update_json took 2.999731805175543e-07 seconds.
[app.core.decorators][2023-03-03 22:29:36][INFO][decorators][wrapper][25]: Finished update_json
[app.utils.utils][2023-03-03 22:29:36][INFO][utils][update_json][194]: Updated OpenAPI JSON file
[app.core.decorators][2023-03-03 22:29:36][INFO][decorators][wrapper][23]: Calling get_session
[app.core.decorators][2023-03-03 22:29:36][INFO][decorators][wrapper][46]: Execution of get_session took 6.999762263149023e-07 seconds.
[app.core.decorators][2023-03-03 22:29:36][INFO][decorators][wrapper][25]: Finished get_session
[app.core.decorators][2023-03-03 22:29:36][INFO][decorators][wrapper][23]: Calling get_db
[app.core.decorators][2023-03-03 22:29:36][INFO][decorators][wrapper][25]: Finished get_db
[app.core.decorators][2023-03-03 22:29:36][INFO][decorators][wrapper][23]: Calling init_db
[app.core.decorators][2023-03-03 22:29:36][INFO][decorators][wrapper][46]: Execution of init_db took 4.00003045797348e-07 seconds.
[app.core.decorators][2023-03-03 22:29:36][INFO][decorators][wrapper][25]: Finished init_db
[app.core.decorators][2023-03-03 22:29:36][INFO][decorators][wrapper][23]: Calling create_db_and_tables
[app.core.decorators][2023-03-03 22:29:36][INFO][decorators][wrapper][46]: Execution of create_db_and_tables took 6.00004568696022e-07 seconds.
[app.core.decorators][2023-03-03 22:29:36][INFO][decorators][wrapper][25]: Finished create_db_and_tables
[sqlalchemy.engine.Engine][2023-03-03 22:29:36][INFO][base][_exec_single_context][1896]: select pg_catalog.version()
[sqlalchemy.engine.Engine][2023-03-03 22:29:36][INFO][base][_exec_single_context][1901]: [raw sql] ()
[sqlalchemy.engine.Engine][2023-03-03 22:29:36][INFO][base][_exec_single_context][1896]: select current_schema()
[sqlalchemy.engine.Engine][2023-03-03 22:29:36][INFO][base][_exec_single_context][1901]: [raw sql] ()
[sqlalchemy.engine.Engine][2023-03-03 22:29:36][INFO][base][_exec_single_context][1896]: show standard_conforming_strings
[sqlalchemy.engine.Engine][2023-03-03 22:29:36][INFO][base][_exec_single_context][1901]: [raw sql] ()
[sqlalchemy.engine.Engine][2023-03-03 22:29:36][INFO][base][_begin_impl][1088]: BEGIN (implicit)
[sqlalchemy.engine.Engine][2023-03-03 22:29:36][INFO][base][_exec_single_context][1896]: SELECT pg_catalog.pg_class.relname 
FROM pg_catalog.pg_class JOIN pg_catalog.pg_namespace ON pg_catalog.pg_namespace.oid = pg_catalog.pg_class.relnamespace 
WHERE pg_catalog.pg_class.relname = $1::VARCHAR(64) COLLATE "C" AND pg_catalog.pg_class.relkind = ANY (ARRAY[$2::VARCHAR, $3::VARCHAR, $4::VARCHAR, $5::VARCHAR, $6::VARCHAR]) AND pg_catalog.pg_table_is_visible(pg_catalog.pg_class.oid) AND pg_catalog.pg_namespace.nspname != $7::VARCHAR(64) COLLATE "C"
[sqlalchemy.engine.Engine][2023-03-03 22:29:36][INFO][base][_exec_single_context][1901]: [generated in 0.00023s] ('model', 'r', 'p', 'f', 'v', 'm', 'pg_catalog')
[sqlalchemy.engine.Engine][2023-03-03 22:29:36][INFO][base][_exec_single_context][1896]: SELECT pg_catalog.pg_class.relname 
FROM pg_catalog.pg_class JOIN pg_catalog.pg_namespace ON pg_catalog.pg_namespace.oid = pg_catalog.pg_class.relnamespace 
WHERE pg_catalog.pg_class.relname = $1::VARCHAR(64) COLLATE "C" AND pg_catalog.pg_class.relkind = ANY (ARRAY[$2::VARCHAR, $3::VARCHAR, $4::VARCHAR, $5::VARCHAR, $6::VARCHAR]) AND pg_catalog.pg_table_is_visible(pg_catalog.pg_class.oid) AND pg_catalog.pg_namespace.nspname != $7::VARCHAR(64) COLLATE "C"
[sqlalchemy.engine.Engine][2023-03-03 22:29:36][INFO][base][_exec_single_context][1901]: [cached since 0.004437s ago] ('analysis', 'r', 'p', 'f', 'v', 'm', 'pg_catalog')
[sqlalchemy.engine.Engine][2023-03-03 22:29:36][INFO][base][_exec_single_context][1896]: SELECT pg_catalog.pg_class.relname 
FROM pg_catalog.pg_class JOIN pg_catalog.pg_namespace ON pg_catalog.pg_namespace.oid = pg_catalog.pg_class.relnamespace 
WHERE pg_catalog.pg_class.relname = $1::VARCHAR(64) COLLATE "C" AND pg_catalog.pg_class.relkind = ANY (ARRAY[$2::VARCHAR, $3::VARCHAR, $4::VARCHAR, $5::VARCHAR, $6::VARCHAR]) AND pg_catalog.pg_table_is_visible(pg_catalog.pg_class.oid) AND pg_catalog.pg_namespace.nspname != $7::VARCHAR(64) COLLATE "C"
[sqlalchemy.engine.Engine][2023-03-03 22:29:36][INFO][base][_exec_single_context][1901]: [cached since 0.004918s ago] ('users', 'r', 'p', 'f', 'v', 'm', 'pg_catalog')
[sqlalchemy.engine.Engine][2023-03-03 22:29:36][INFO][base][_exec_single_context][1896]: 
DROP TABLE model
[sqlalchemy.engine.Engine][2023-03-03 22:29:36][INFO][base][_exec_single_context][1901]: [no key 0.00008s] ()
[sqlalchemy.engine.Engine][2023-03-03 22:29:36][INFO][base][_exec_single_context][1896]: 
DROP TABLE analysis
[sqlalchemy.engine.Engine][2023-03-03 22:29:36][INFO][base][_exec_single_context][1901]: [no key 0.00010s] ()
[sqlalchemy.engine.Engine][2023-03-03 22:29:36][INFO][base][_exec_single_context][1896]: 
DROP TABLE users
[sqlalchemy.engine.Engine][2023-03-03 22:29:36][INFO][base][_exec_single_context][1901]: [no key 0.00008s] ()
[sqlalchemy.engine.Engine][2023-03-03 22:29:36][INFO][base][_exec_single_context][1896]: SELECT pg_catalog.pg_type.typname 
FROM pg_catalog.pg_type JOIN pg_catalog.pg_namespace ON pg_catalog.pg_namespace.oid = pg_catalog.pg_type.typnamespace 
WHERE pg_catalog.pg_type.typname = $1::VARCHAR(64) COLLATE "C" AND pg_catalog.pg_type_is_visible(pg_catalog.pg_type.oid) AND pg_catalog.pg_namespace.nspname != $2::VARCHAR(64) COLLATE "C"
[sqlalchemy.engine.Engine][2023-03-03 22:29:36][INFO][base][_exec_single_context][1901]: [generated in 0.00015s] ('gender', 'pg_catalog')
[sqlalchemy.engine.Engine][2023-03-03 22:29:36][INFO][base][_exec_single_context][1896]: DROP TYPE gender
[sqlalchemy.engine.Engine][2023-03-03 22:29:36][INFO][base][_exec_single_context][1901]: [no key 0.00009s] ()
[sqlalchemy.engine.Engine][2023-03-03 22:29:36][INFO][base][_exec_single_context][1896]: SELECT pg_catalog.pg_class.relname 
FROM pg_catalog.pg_class JOIN pg_catalog.pg_namespace ON pg_catalog.pg_namespace.oid = pg_catalog.pg_class.relnamespace 
WHERE pg_catalog.pg_class.relname = $1::VARCHAR(64) COLLATE "C" AND pg_catalog.pg_class.relkind = ANY (ARRAY[$2::VARCHAR, $3::VARCHAR, $4::VARCHAR, $5::VARCHAR, $6::VARCHAR]) AND pg_catalog.pg_table_is_visible(pg_catalog.pg_class.oid) AND pg_catalog.pg_namespace.nspname != $7::VARCHAR(64) COLLATE "C"
[sqlalchemy.engine.Engine][2023-03-03 22:29:36][INFO][base][_exec_single_context][1901]: [cached since 0.01296s ago] ('model', 'r', 'p', 'f', 'v', 'm', 'pg_catalog')
[sqlalchemy.engine.Engine][2023-03-03 22:29:36][INFO][base][_exec_single_context][1896]: SELECT pg_catalog.pg_class.relname 
FROM pg_catalog.pg_class JOIN pg_catalog.pg_namespace ON pg_catalog.pg_namespace.oid = pg_catalog.pg_class.relnamespace 
WHERE pg_catalog.pg_class.relname = $1::VARCHAR(64) COLLATE "C" AND pg_catalog.pg_class.relkind = ANY (ARRAY[$2::VARCHAR, $3::VARCHAR, $4::VARCHAR, $5::VARCHAR, $6::VARCHAR]) AND pg_catalog.pg_table_is_visible(pg_catalog.pg_class.oid) AND pg_catalog.pg_namespace.nspname != $7::VARCHAR(64) COLLATE "C"
[sqlalchemy.engine.Engine][2023-03-03 22:29:36][INFO][base][_exec_single_context][1901]: [cached since 0.01365s ago] ('analysis', 'r', 'p', 'f', 'v', 'm', 'pg_catalog')
[sqlalchemy.engine.Engine][2023-03-03 22:29:36][INFO][base][_exec_single_context][1896]: SELECT pg_catalog.pg_class.relname 
FROM pg_catalog.pg_class JOIN pg_catalog.pg_namespace ON pg_catalog.pg_namespace.oid = pg_catalog.pg_class.relnamespace 
WHERE pg_catalog.pg_class.relname = $1::VARCHAR(64) COLLATE "C" AND pg_catalog.pg_class.relkind = ANY (ARRAY[$2::VARCHAR, $3::VARCHAR, $4::VARCHAR, $5::VARCHAR, $6::VARCHAR]) AND pg_catalog.pg_table_is_visible(pg_catalog.pg_class.oid) AND pg_catalog.pg_namespace.nspname != $7::VARCHAR(64) COLLATE "C"
[sqlalchemy.engine.Engine][2023-03-03 22:29:36][INFO][base][_exec_single_context][1901]: [cached since 0.01413s ago] ('users', 'r', 'p', 'f', 'v', 'm', 'pg_catalog')
[sqlalchemy.engine.Engine][2023-03-03 22:29:36][INFO][base][_exec_single_context][1896]: SELECT pg_catalog.pg_type.typname 
FROM pg_catalog.pg_type JOIN pg_catalog.pg_namespace ON pg_catalog.pg_namespace.oid = pg_catalog.pg_type.typnamespace 
WHERE pg_catalog.pg_type.typname = $1::VARCHAR(64) COLLATE "C" AND pg_catalog.pg_type_is_visible(pg_catalog.pg_type.oid) AND pg_catalog.pg_namespace.nspname != $2::VARCHAR(64) COLLATE "C"
[sqlalchemy.engine.Engine][2023-03-03 22:29:36][INFO][base][_exec_single_context][1901]: [cached since 0.003441s ago] ('gender', 'pg_catalog')
[sqlalchemy.engine.Engine][2023-03-03 22:29:36][INFO][base][_exec_single_context][1896]: CREATE TYPE gender AS ENUM ('MALE', 'FEMALE', 'OTHER')
[sqlalchemy.engine.Engine][2023-03-03 22:29:36][INFO][base][_exec_single_context][1901]: [no key 0.00010s] ()
[sqlalchemy.engine.Engine][2023-03-03 22:29:36][INFO][base][_exec_single_context][1896]: 
CREATE TABLE users (
	id SERIAL NOT NULL, 
	username VARCHAR(15) NOT NULL CHECK (char_length(username) >= 4), 
	email VARCHAR(320) NOT NULL CHECK (char_length(email) >= 3), 
	first_name VARCHAR(50) NOT NULL, 
	middle_name VARCHAR(50), 
	last_name VARCHAR(100) NOT NULL, 
	password VARCHAR(100) NOT NULL, 
	gender gender, 
	birthdate DATE, 
	phone_number VARCHAR(16), 
	city VARCHAR(100), 
	country VARCHAR(100) CHECK (char_length(country) >= 4), 
	is_active BOOLEAN DEFAULT true NOT NULL, 
	is_superuser BOOLEAN DEFAULT false NOT NULL, 
	created_at TIMESTAMP(2) WITHOUT TIME ZONE DEFAULT now() NOT NULL, 
	updated_at TIMESTAMP(2) WITHOUT TIME ZONE, 
	PRIMARY KEY (id), 
	CONSTRAINT email_format CHECK (email ~* '^[A-Za-z0-9._%+-]+@[A-Za-z0-9.-]+\.[A-Z|a-z]{2,}$'), 
	CONSTRAINT phone_number_format CHECK (phone_number ~* '^\+[0-9]{1,15}$'), 
	UNIQUE (username), 
	UNIQUE (email)
)


[sqlalchemy.engine.Engine][2023-03-03 22:29:36][INFO][base][_exec_single_context][1901]: [no key 0.00012s] ()
[sqlalchemy.engine.Engine][2023-03-03 22:29:36][INFO][base][_exec_single_context][1896]: CREATE UNIQUE INDEX ix_users_id ON users (id)
[sqlalchemy.engine.Engine][2023-03-03 22:29:36][INFO][base][_exec_single_context][1901]: [no key 0.00016s] ()
[sqlalchemy.engine.Engine][2023-03-03 22:29:36][INFO][base][_exec_single_context][1896]: COMMENT ON COLUMN users.id IS 'ID of the User'
[sqlalchemy.engine.Engine][2023-03-03 22:29:36][INFO][base][_exec_single_context][1901]: [no key 0.00011s] ()
[sqlalchemy.engine.Engine][2023-03-03 22:29:36][INFO][base][_exec_single_context][1896]: COMMENT ON COLUMN users.username IS 'Username to identify the user'
[sqlalchemy.engine.Engine][2023-03-03 22:29:36][INFO][base][_exec_single_context][1901]: [no key 0.00010s] ()
[sqlalchemy.engine.Engine][2023-03-03 22:29:36][INFO][base][_exec_single_context][1896]: COMMENT ON COLUMN users.email IS 'Preferred e-mail address of the User'
[sqlalchemy.engine.Engine][2023-03-03 22:29:36][INFO][base][_exec_single_context][1901]: [no key 0.00008s] ()
[sqlalchemy.engine.Engine][2023-03-03 22:29:36][INFO][base][_exec_single_context][1896]: COMMENT ON COLUMN users.first_name IS 'First name(s) of the User'
[sqlalchemy.engine.Engine][2023-03-03 22:29:36][INFO][base][_exec_single_context][1901]: [no key 0.00008s] ()
[sqlalchemy.engine.Engine][2023-03-03 22:29:36][INFO][base][_exec_single_context][1896]: COMMENT ON COLUMN users.middle_name IS 'Middle name(s) of the User'
[sqlalchemy.engine.Engine][2023-03-03 22:29:36][INFO][base][_exec_single_context][1901]: [no key 0.00008s] ()
[sqlalchemy.engine.Engine][2023-03-03 22:29:36][INFO][base][_exec_single_context][1896]: COMMENT ON COLUMN users.last_name IS 'Last name(s) of the User'
[sqlalchemy.engine.Engine][2023-03-03 22:29:36][INFO][base][_exec_single_context][1901]: [no key 0.00010s] ()
[sqlalchemy.engine.Engine][2023-03-03 22:29:36][INFO][base][_exec_single_context][1896]: COMMENT ON COLUMN users.password IS 'Hashed password of the User'
[sqlalchemy.engine.Engine][2023-03-03 22:29:36][INFO][base][_exec_single_context][1901]: [no key 0.00010s] ()
[sqlalchemy.engine.Engine][2023-03-03 22:29:36][INFO][base][_exec_single_context][1896]: COMMENT ON COLUMN users.gender IS 'Gender of the User'
[sqlalchemy.engine.Engine][2023-03-03 22:29:36][INFO][base][_exec_single_context][1901]: [no key 0.00010s] ()
[sqlalchemy.engine.Engine][2023-03-03 22:29:36][INFO][base][_exec_single_context][1896]: COMMENT ON COLUMN users.birthdate IS 'Birthday of the User'
[sqlalchemy.engine.Engine][2023-03-03 22:29:36][INFO][base][_exec_single_context][1901]: [no key 0.00008s] ()
[sqlalchemy.engine.Engine][2023-03-03 22:29:36][INFO][base][_exec_single_context][1896]: COMMENT ON COLUMN users.phone_number IS 'Preferred telephone number of the User'
[sqlalchemy.engine.Engine][2023-03-03 22:29:36][INFO][base][_exec_single_context][1901]: [no key 0.00010s] ()
[sqlalchemy.engine.Engine][2023-03-03 22:29:36][INFO][base][_exec_single_context][1896]: COMMENT ON COLUMN users.city IS 'City for address of the User'
[sqlalchemy.engine.Engine][2023-03-03 22:29:36][INFO][base][_exec_single_context][1901]: [no key 0.00009s] ()
[sqlalchemy.engine.Engine][2023-03-03 22:29:36][INFO][base][_exec_single_context][1896]: COMMENT ON COLUMN users.country IS 'Country for address of the User'
[sqlalchemy.engine.Engine][2023-03-03 22:29:36][INFO][base][_exec_single_context][1901]: [no key 0.00009s] ()
[sqlalchemy.engine.Engine][2023-03-03 22:29:36][INFO][base][_exec_single_context][1896]: COMMENT ON COLUMN users.is_active IS 'True if the user is active; otherwise false'
[sqlalchemy.engine.Engine][2023-03-03 22:29:36][INFO][base][_exec_single_context][1901]: [no key 0.00010s] ()
[sqlalchemy.engine.Engine][2023-03-03 22:29:36][INFO][base][_exec_single_context][1896]: COMMENT ON COLUMN users.is_superuser IS 'True if the user is super user; otherwise false'
[sqlalchemy.engine.Engine][2023-03-03 22:29:36][INFO][base][_exec_single_context][1901]: [no key 0.00008s] ()
[sqlalchemy.engine.Engine][2023-03-03 22:29:36][INFO][base][_exec_single_context][1896]: COMMENT ON COLUMN users.created_at IS 'Time the User was created'
[sqlalchemy.engine.Engine][2023-03-03 22:29:36][INFO][base][_exec_single_context][1901]: [no key 0.00008s] ()
[sqlalchemy.engine.Engine][2023-03-03 22:29:36][INFO][base][_exec_single_context][1896]: COMMENT ON COLUMN users.updated_at IS 'Time the User was updated'
[sqlalchemy.engine.Engine][2023-03-03 22:29:36][INFO][base][_exec_single_context][1901]: [no key 0.00010s] ()
[sqlalchemy.engine.Engine][2023-03-03 22:29:36][INFO][base][_exec_single_context][1896]: 
CREATE TABLE analysis (
	id SERIAL NOT NULL, 
	tweet_id BIGINT NOT NULL, 
	content VARCHAR(280) NOT NULL, 
	tweet_username VARCHAR(15) NOT NULL CHECK (char_length(tweet_username) >= 4), 
	target BOOLEAN NOT NULL, 
	created_at TIMESTAMP(2) WITHOUT TIME ZONE DEFAULT now() NOT NULL, 
	user_id INTEGER NOT NULL, 
	PRIMARY KEY (id), 
	CONSTRAINT tweet_username_format CHECK (tweet_username ~* '^[a-zA-Z0-9_]+$'), 
	FOREIGN KEY(user_id) REFERENCES users (id)
)


[sqlalchemy.engine.Engine][2023-03-03 22:29:36][INFO][base][_exec_single_context][1901]: [no key 0.00009s] ()
[sqlalchemy.engine.Engine][2023-03-03 22:29:36][INFO][base][_exec_single_context][1896]: CREATE UNIQUE INDEX ix_analysis_id ON analysis (id)
[sqlalchemy.engine.Engine][2023-03-03 22:29:36][INFO][base][_exec_single_context][1901]: [no key 0.00014s] ()
[sqlalchemy.engine.Engine][2023-03-03 22:29:36][INFO][base][_exec_single_context][1896]: COMMENT ON COLUMN analysis.id IS 'ID of the Analysis'
[sqlalchemy.engine.Engine][2023-03-03 22:29:36][INFO][base][_exec_single_context][1901]: [no key 0.00011s] ()
[sqlalchemy.engine.Engine][2023-03-03 22:29:36][INFO][base][_exec_single_context][1896]: COMMENT ON COLUMN analysis.tweet_id IS 'ID of the Tweet'
[sqlalchemy.engine.Engine][2023-03-03 22:29:36][INFO][base][_exec_single_context][1901]: [no key 0.00010s] ()
[sqlalchemy.engine.Engine][2023-03-03 22:29:36][INFO][base][_exec_single_context][1896]: COMMENT ON COLUMN analysis.content IS 'The actual UTF-8 text of the status update'
[sqlalchemy.engine.Engine][2023-03-03 22:29:36][INFO][base][_exec_single_context][1901]: [no key 0.00009s] ()
[sqlalchemy.engine.Engine][2023-03-03 22:29:36][INFO][base][_exec_single_context][1896]: COMMENT ON COLUMN analysis.tweet_username IS 'Username to identify the user'
[sqlalchemy.engine.Engine][2023-03-03 22:29:36][INFO][base][_exec_single_context][1901]: [no key 0.00008s] ()
[sqlalchemy.engine.Engine][2023-03-03 22:29:36][INFO][base][_exec_single_context][1896]: COMMENT ON COLUMN analysis.target IS 'True if the user is active; otherwise false'
[sqlalchemy.engine.Engine][2023-03-03 22:29:36][INFO][base][_exec_single_context][1901]: [no key 0.00008s] ()
[sqlalchemy.engine.Engine][2023-03-03 22:29:36][INFO][base][_exec_single_context][1896]: COMMENT ON COLUMN analysis.created_at IS 'Time the Analysis was performed'
[sqlalchemy.engine.Engine][2023-03-03 22:29:36][INFO][base][_exec_single_context][1901]: [no key 0.00008s] ()
[sqlalchemy.engine.Engine][2023-03-03 22:29:36][INFO][base][_exec_single_context][1896]: COMMENT ON COLUMN analysis.user_id IS 'ID of the User who performed the Analysis'
[sqlalchemy.engine.Engine][2023-03-03 22:29:36][INFO][base][_exec_single_context][1901]: [no key 0.00008s] ()
[sqlalchemy.engine.Engine][2023-03-03 22:29:36][INFO][base][_exec_single_context][1896]: 
CREATE TABLE model (
	id SERIAL NOT NULL, 
	tweet_id BIGINT NOT NULL, 
	model_name VARCHAR NOT NULL, 
	accuracy FLOAT NOT NULL, 
	precision FLOAT NOT NULL, 
	recall FLOAT NOT NULL, 
	f1_score FLOAT NOT NULL, 
	roc_auc FLOAT NOT NULL, 
	computing_time FLOAT NOT NULL, 
	created_at TIMESTAMP(2) WITHOUT TIME ZONE DEFAULT now() NOT NULL, 
	analysis_id INTEGER NOT NULL, 
	PRIMARY KEY (id), 
	FOREIGN KEY(analysis_id) REFERENCES analysis (id)
)


[sqlalchemy.engine.Engine][2023-03-03 22:29:36][INFO][base][_exec_single_context][1901]: [no key 0.00009s] ()
[sqlalchemy.engine.Engine][2023-03-03 22:29:36][INFO][base][_exec_single_context][1896]: CREATE UNIQUE INDEX ix_model_id ON model (id)
[sqlalchemy.engine.Engine][2023-03-03 22:29:36][INFO][base][_exec_single_context][1901]: [no key 0.00010s] ()
[sqlalchemy.engine.Engine][2023-03-03 22:29:36][INFO][base][_exec_single_context][1896]: COMMENT ON COLUMN model.id IS 'ID of the Model'
[sqlalchemy.engine.Engine][2023-03-03 22:29:36][INFO][base][_exec_single_context][1901]: [no key 0.00010s] ()
[sqlalchemy.engine.Engine][2023-03-03 22:29:36][INFO][base][_exec_single_context][1896]: COMMENT ON COLUMN model.tweet_id IS 'ID of the Tweet'
[sqlalchemy.engine.Engine][2023-03-03 22:29:36][INFO][base][_exec_single_context][1901]: [no key 0.00009s] ()
[sqlalchemy.engine.Engine][2023-03-03 22:29:36][INFO][base][_exec_single_context][1896]: COMMENT ON COLUMN model.model_name IS 'Name of the model'
[sqlalchemy.engine.Engine][2023-03-03 22:29:36][INFO][base][_exec_single_context][1901]: [no key 0.00008s] ()
[sqlalchemy.engine.Engine][2023-03-03 22:29:36][INFO][base][_exec_single_context][1896]: COMMENT ON COLUMN model.accuracy IS 'Accuracy score of the model'
[sqlalchemy.engine.Engine][2023-03-03 22:29:36][INFO][base][_exec_single_context][1901]: [no key 0.00008s] ()
[sqlalchemy.engine.Engine][2023-03-03 22:29:36][INFO][base][_exec_single_context][1896]: COMMENT ON COLUMN model.precision IS 'Precision score of the model'
[sqlalchemy.engine.Engine][2023-03-03 22:29:36][INFO][base][_exec_single_context][1901]: [no key 0.00007s] ()
[sqlalchemy.engine.Engine][2023-03-03 22:29:36][INFO][base][_exec_single_context][1896]: COMMENT ON COLUMN model.recall IS 'Recall score of the model'
[sqlalchemy.engine.Engine][2023-03-03 22:29:36][INFO][base][_exec_single_context][1901]: [no key 0.00007s] ()
[sqlalchemy.engine.Engine][2023-03-03 22:29:36][INFO][base][_exec_single_context][1896]: COMMENT ON COLUMN model.f1_score IS 'F1 score of the model'
[sqlalchemy.engine.Engine][2023-03-03 22:29:36][INFO][base][_exec_single_context][1901]: [no key 0.00007s] ()
[sqlalchemy.engine.Engine][2023-03-03 22:29:36][INFO][base][_exec_single_context][1896]: COMMENT ON COLUMN model.roc_auc IS 'Area Under the Receiver Operating Characteristic Curve for the model'
[sqlalchemy.engine.Engine][2023-03-03 22:29:36][INFO][base][_exec_single_context][1901]: [no key 0.00010s] ()
[sqlalchemy.engine.Engine][2023-03-03 22:29:36][INFO][base][_exec_single_context][1896]: COMMENT ON COLUMN model.computing_time IS 'The time it took to classify the tweet'
[sqlalchemy.engine.Engine][2023-03-03 22:29:36][INFO][base][_exec_single_context][1901]: [no key 0.00007s] ()
[sqlalchemy.engine.Engine][2023-03-03 22:29:36][INFO][base][_exec_single_context][1896]: COMMENT ON COLUMN model.created_at IS 'Time the Model was executed'
[sqlalchemy.engine.Engine][2023-03-03 22:29:36][INFO][base][_exec_single_context][1901]: [no key 0.00007s] ()
[sqlalchemy.engine.Engine][2023-03-03 22:29:36][INFO][base][_exec_single_context][1896]: COMMENT ON COLUMN model.analysis_id IS 'ID of the Analysis where the model was executed'
[sqlalchemy.engine.Engine][2023-03-03 22:29:36][INFO][base][_exec_single_context][1901]: [no key 0.00007s] ()
[sqlalchemy.engine.Engine][2023-03-03 22:29:36][INFO][base][_commit_impl][1132]: COMMIT
[app.core.decorators][2023-03-03 22:29:36][INFO][decorators][wrapper][23]: Calling create_user
[app.core.decorators][2023-03-03 22:29:36][INFO][decorators][wrapper][46]: Execution of create_user took 1.100008375942707e-06 seconds.
[app.core.decorators][2023-03-03 22:29:36][INFO][decorators][wrapper][25]: Finished create_user
[passlib.handlers.bcrypt][2023-03-03 22:29:36][DEBUG][bcrypt][_load_backend_mixin][625]: detected 'bcrypt' backend, version '4.0.1'
[passlib.handlers.bcrypt][2023-03-03 22:29:36][DEBUG][bcrypt][_finalize_backend_mixin][406]: 'bcrypt' backend lacks $2$ support, enabling workaround
[sqlalchemy.engine.Engine][2023-03-03 22:29:36][INFO][base][_begin_impl][1088]: BEGIN (implicit)
[sqlalchemy.engine.Engine][2023-03-03 22:29:36][INFO][base][_exec_single_context][1896]: INSERT INTO users (username, email, first_name, middle_name, last_name, password, gender, birthdate, phone_number, city, country, is_active, is_superuser, created_at, updated_at) VALUES ($1::VARCHAR(15), $2::VARCHAR(320), $3::VARCHAR(50), $4::VARCHAR(50), $5::VARCHAR(100), $6::VARCHAR(100), $7::gender, $8::DATE, $9::VARCHAR(16), $10::VARCHAR(100), $11::VARCHAR(100), $12::BOOLEAN, $13::BOOLEAN, $14::TIMESTAMP WITHOUT TIME ZONE, $15::TIMESTAMP WITHOUT TIME ZONE) RETURNING users.id
[sqlalchemy.engine.Engine][2023-03-03 22:29:36][INFO][base][_exec_single_context][1901]: [generated in 0.00026s] ('jpcadena', 'jpcadena@espol.edu.ec', 'Admin', None, 'Jpcadena', '$2b$12$oXcpivUvLN9HtJyt1ZYag.Umdmz3pOIkEZ3lUCLRQ1RJNdSVD4VS.', None, None, None, 'Guayaquil', 'Ecuador', True, True, datetime.datetime(2023, 3, 3, 22, 29, 35, 308430), None)
[sqlalchemy.engine.Engine][2023-03-03 22:29:37][INFO][base][_commit_impl][1132]: COMMIT
[app.core.decorators][2023-03-03 22:29:37][INFO][decorators][wrapper][23]: Calling filter
[app.core.decorators][2023-03-03 22:29:37][INFO][decorators][wrapper][46]: Execution of filter took 1.9000144675374031e-06 seconds.
[app.core.decorators][2023-03-03 22:29:37][INFO][decorators][wrapper][25]: Finished filter
[app.crud.filter][2023-03-03 22:29:37][INFO][filter][filter][65]: Row retrieved with id: 1
[app.db.init_db][2023-03-03 22:29:37][INFO][init_db][init_db][84]: Superuser created with email jpca****@es***.edu.ec
[app.core.decorators][2023-03-03 22:29:37][INFO][decorators][wrapper][23]: Calling init_auth_db
[app.core.decorators][2023-03-03 22:29:37][INFO][decorators][wrapper][46]: Execution of init_auth_db took 5.00003807246685e-07 seconds.
[app.core.decorators][2023-03-03 22:29:37][INFO][decorators][wrapper][25]: Finished init_auth_db
[app.db.authorization][2023-03-03 22:29:37][INFO][authorization][init_auth_db][28]: Redis Database initialized
[main][2023-03-03 22:29:52][INFO][main][welcome_message][78]: Salute!
