[main][2023-05-01 10:48:40][INFO][main][startup_event][66]: Starting API...
[app.core.decorators][2023-05-01 10:48:40][INFO][decorators][wrapper][32]: Calling update_json
[app.core.decorators][2023-05-01 10:48:40][INFO][decorators][wrapper][64]: Execution of update_json took 3.00002284348011e-07 seconds.
[app.core.decorators][2023-05-01 10:48:40][INFO][decorators][wrapper][34]: Finished update_json
[app.utils.utils][2023-05-01 10:48:40][INFO][utils][update_json][33]: Updated OpenAPI JSON file
[app.core.decorators][2023-05-01 10:48:40][INFO][decorators][wrapper][32]: Calling get_session
[app.core.decorators][2023-05-01 10:48:40][INFO][decorators][wrapper][64]: Execution of get_session took 7.00005330145359e-07 seconds.
[app.core.decorators][2023-05-01 10:48:40][INFO][decorators][wrapper][34]: Finished get_session
[app.core.decorators][2023-05-01 10:48:40][INFO][decorators][wrapper][32]: Calling get_db
[app.core.decorators][2023-05-01 10:48:40][INFO][decorators][wrapper][34]: Finished get_db
[app.core.decorators][2023-05-01 10:48:40][INFO][decorators][wrapper][32]: Calling init_db
[app.core.decorators][2023-05-01 10:48:40][INFO][decorators][wrapper][64]: Execution of init_db took 6.999762263149023e-07 seconds.
[app.core.decorators][2023-05-01 10:48:40][INFO][decorators][wrapper][34]: Finished init_db
[app.core.decorators][2023-05-01 10:48:40][INFO][decorators][wrapper][32]: Calling create_db_and_tables
[app.core.decorators][2023-05-01 10:48:40][INFO][decorators][wrapper][64]: Execution of create_db_and_tables took 6.00004568696022e-07 seconds.
[app.core.decorators][2023-05-01 10:48:40][INFO][decorators][wrapper][34]: Finished create_db_and_tables
[sqlalchemy.engine.Engine][2023-05-01 10:48:40][INFO][base][_exec_single_context][1895]: select pg_catalog.version()
[sqlalchemy.engine.Engine][2023-05-01 10:48:40][INFO][base][_exec_single_context][1900]: [raw sql] ()
[sqlalchemy.engine.Engine][2023-05-01 10:48:40][INFO][base][_exec_single_context][1895]: select current_schema()
[sqlalchemy.engine.Engine][2023-05-01 10:48:40][INFO][base][_exec_single_context][1900]: [raw sql] ()
[sqlalchemy.engine.Engine][2023-05-01 10:48:40][INFO][base][_exec_single_context][1895]: show standard_conforming_strings
[sqlalchemy.engine.Engine][2023-05-01 10:48:40][INFO][base][_exec_single_context][1900]: [raw sql] ()
[sqlalchemy.engine.Engine][2023-05-01 10:48:40][INFO][base][_begin_impl][1087]: BEGIN (implicit)
[sqlalchemy.engine.Engine][2023-05-01 10:48:40][INFO][base][_exec_single_context][1895]: SELECT pg_catalog.pg_class.relname 
FROM pg_catalog.pg_class JOIN pg_catalog.pg_namespace ON pg_catalog.pg_namespace.oid = pg_catalog.pg_class.relnamespace 
WHERE pg_catalog.pg_class.relname = $1::VARCHAR AND pg_catalog.pg_class.relkind = ANY (ARRAY[$2::VARCHAR, $3::VARCHAR, $4::VARCHAR, $5::VARCHAR, $6::VARCHAR]) AND pg_catalog.pg_table_is_visible(pg_catalog.pg_class.oid) AND pg_catalog.pg_namespace.nspname != $7::VARCHAR
[sqlalchemy.engine.Engine][2023-05-01 10:48:40][INFO][base][_exec_single_context][1900]: [generated in 0.00015s] ('model', 'r', 'p', 'f', 'v', 'm', 'pg_catalog')
[sqlalchemy.engine.Engine][2023-05-01 10:48:40][INFO][base][_exec_single_context][1895]: SELECT pg_catalog.pg_class.relname 
FROM pg_catalog.pg_class JOIN pg_catalog.pg_namespace ON pg_catalog.pg_namespace.oid = pg_catalog.pg_class.relnamespace 
WHERE pg_catalog.pg_class.relname = $1::VARCHAR AND pg_catalog.pg_class.relkind = ANY (ARRAY[$2::VARCHAR, $3::VARCHAR, $4::VARCHAR, $5::VARCHAR, $6::VARCHAR]) AND pg_catalog.pg_table_is_visible(pg_catalog.pg_class.oid) AND pg_catalog.pg_namespace.nspname != $7::VARCHAR
[sqlalchemy.engine.Engine][2023-05-01 10:48:40][INFO][base][_exec_single_context][1900]: [cached since 0.002727s ago] ('analysis', 'r', 'p', 'f', 'v', 'm', 'pg_catalog')
[sqlalchemy.engine.Engine][2023-05-01 10:48:40][INFO][base][_exec_single_context][1895]: SELECT pg_catalog.pg_class.relname 
FROM pg_catalog.pg_class JOIN pg_catalog.pg_namespace ON pg_catalog.pg_namespace.oid = pg_catalog.pg_class.relnamespace 
WHERE pg_catalog.pg_class.relname = $1::VARCHAR AND pg_catalog.pg_class.relkind = ANY (ARRAY[$2::VARCHAR, $3::VARCHAR, $4::VARCHAR, $5::VARCHAR, $6::VARCHAR]) AND pg_catalog.pg_table_is_visible(pg_catalog.pg_class.oid) AND pg_catalog.pg_namespace.nspname != $7::VARCHAR
[sqlalchemy.engine.Engine][2023-05-01 10:48:40][INFO][base][_exec_single_context][1900]: [cached since 0.003177s ago] ('users', 'r', 'p', 'f', 'v', 'm', 'pg_catalog')
[sqlalchemy.engine.Engine][2023-05-01 10:48:40][INFO][base][_exec_single_context][1895]: 
DROP TABLE model
[sqlalchemy.engine.Engine][2023-05-01 10:48:40][INFO][base][_exec_single_context][1900]: [no key 0.00008s] ()
[sqlalchemy.engine.Engine][2023-05-01 10:48:40][INFO][base][_exec_single_context][1895]: 
DROP TABLE analysis
[sqlalchemy.engine.Engine][2023-05-01 10:48:40][INFO][base][_exec_single_context][1900]: [no key 0.00008s] ()
[sqlalchemy.engine.Engine][2023-05-01 10:48:40][INFO][base][_exec_single_context][1895]: 
DROP TABLE users
[sqlalchemy.engine.Engine][2023-05-01 10:48:40][INFO][base][_exec_single_context][1900]: [no key 0.00011s] ()
[sqlalchemy.engine.Engine][2023-05-01 10:48:40][INFO][base][_exec_single_context][1895]: SELECT pg_catalog.pg_type.typname 
FROM pg_catalog.pg_type JOIN pg_catalog.pg_namespace ON pg_catalog.pg_namespace.oid = pg_catalog.pg_type.typnamespace 
WHERE pg_catalog.pg_type.typname = $1::VARCHAR AND pg_catalog.pg_type_is_visible(pg_catalog.pg_type.oid) AND pg_catalog.pg_namespace.nspname != $2::VARCHAR
[sqlalchemy.engine.Engine][2023-05-01 10:48:40][INFO][base][_exec_single_context][1900]: [generated in 0.00012s] ('gender', 'pg_catalog')
[sqlalchemy.engine.Engine][2023-05-01 10:48:40][INFO][base][_exec_single_context][1895]: DROP TYPE gender
[sqlalchemy.engine.Engine][2023-05-01 10:48:40][INFO][base][_exec_single_context][1900]: [no key 0.00008s] ()
[sqlalchemy.engine.Engine][2023-05-01 10:48:40][INFO][base][_exec_single_context][1895]: SELECT pg_catalog.pg_class.relname 
FROM pg_catalog.pg_class JOIN pg_catalog.pg_namespace ON pg_catalog.pg_namespace.oid = pg_catalog.pg_class.relnamespace 
WHERE pg_catalog.pg_class.relname = $1::VARCHAR AND pg_catalog.pg_class.relkind = ANY (ARRAY[$2::VARCHAR, $3::VARCHAR, $4::VARCHAR, $5::VARCHAR, $6::VARCHAR]) AND pg_catalog.pg_table_is_visible(pg_catalog.pg_class.oid) AND pg_catalog.pg_namespace.nspname != $7::VARCHAR
[sqlalchemy.engine.Engine][2023-05-01 10:48:40][INFO][base][_exec_single_context][1900]: [cached since 0.01025s ago] ('model', 'r', 'p', 'f', 'v', 'm', 'pg_catalog')
[sqlalchemy.engine.Engine][2023-05-01 10:48:40][INFO][base][_exec_single_context][1895]: SELECT pg_catalog.pg_class.relname 
FROM pg_catalog.pg_class JOIN pg_catalog.pg_namespace ON pg_catalog.pg_namespace.oid = pg_catalog.pg_class.relnamespace 
WHERE pg_catalog.pg_class.relname = $1::VARCHAR AND pg_catalog.pg_class.relkind = ANY (ARRAY[$2::VARCHAR, $3::VARCHAR, $4::VARCHAR, $5::VARCHAR, $6::VARCHAR]) AND pg_catalog.pg_table_is_visible(pg_catalog.pg_class.oid) AND pg_catalog.pg_namespace.nspname != $7::VARCHAR
[sqlalchemy.engine.Engine][2023-05-01 10:48:40][INFO][base][_exec_single_context][1900]: [cached since 0.01088s ago] ('analysis', 'r', 'p', 'f', 'v', 'm', 'pg_catalog')
[sqlalchemy.engine.Engine][2023-05-01 10:48:40][INFO][base][_exec_single_context][1895]: SELECT pg_catalog.pg_class.relname 
FROM pg_catalog.pg_class JOIN pg_catalog.pg_namespace ON pg_catalog.pg_namespace.oid = pg_catalog.pg_class.relnamespace 
WHERE pg_catalog.pg_class.relname = $1::VARCHAR AND pg_catalog.pg_class.relkind = ANY (ARRAY[$2::VARCHAR, $3::VARCHAR, $4::VARCHAR, $5::VARCHAR, $6::VARCHAR]) AND pg_catalog.pg_table_is_visible(pg_catalog.pg_class.oid) AND pg_catalog.pg_namespace.nspname != $7::VARCHAR
[sqlalchemy.engine.Engine][2023-05-01 10:48:40][INFO][base][_exec_single_context][1900]: [cached since 0.01134s ago] ('users', 'r', 'p', 'f', 'v', 'm', 'pg_catalog')
[sqlalchemy.engine.Engine][2023-05-01 10:48:40][INFO][base][_exec_single_context][1895]: SELECT pg_catalog.pg_type.typname 
FROM pg_catalog.pg_type JOIN pg_catalog.pg_namespace ON pg_catalog.pg_namespace.oid = pg_catalog.pg_type.typnamespace 
WHERE pg_catalog.pg_type.typname = $1::VARCHAR AND pg_catalog.pg_type_is_visible(pg_catalog.pg_type.oid) AND pg_catalog.pg_namespace.nspname != $2::VARCHAR
[sqlalchemy.engine.Engine][2023-05-01 10:48:40][INFO][base][_exec_single_context][1900]: [cached since 0.003063s ago] ('gender', 'pg_catalog')
[sqlalchemy.engine.Engine][2023-05-01 10:48:40][INFO][base][_exec_single_context][1895]: CREATE TYPE gender AS ENUM ('MALE', 'FEMALE', 'OTHER')
[sqlalchemy.engine.Engine][2023-05-01 10:48:40][INFO][base][_exec_single_context][1900]: [no key 0.00008s] ()
[sqlalchemy.engine.Engine][2023-05-01 10:48:40][INFO][base][_exec_single_context][1895]: 
CREATE TABLE users (
	id SERIAL NOT NULL, 
	username VARCHAR(15) NOT NULL CHECK (char_length(username) >= 4), 
	email VARCHAR(320) NOT NULL CHECK (char_length(email) >= 3), 
	first_name VARCHAR(50) NOT NULL, 
	middle_name VARCHAR(50), 
	last_name VARCHAR(100) NOT NULL, 
	password VARCHAR(100) NOT NULL, 
	gender gender, 
	birthdate DATE, 
	phone_number VARCHAR(16), 
	city VARCHAR(100), 
	country VARCHAR(100) CHECK (char_length(country) >= 4), 
	is_active BOOLEAN DEFAULT true NOT NULL, 
	is_superuser BOOLEAN DEFAULT false NOT NULL, 
	created_at TIMESTAMP(2) WITHOUT TIME ZONE DEFAULT now() NOT NULL, 
	updated_at TIMESTAMP(2) WITHOUT TIME ZONE, 
	PRIMARY KEY (id), 
	CONSTRAINT email_format CHECK (email ~* '^[A-Za-z0-9._%+-]+@[A-Za-z0-9.-]+\.[A-Z|a-z]{2,}$'), 
	CONSTRAINT phone_number_format CHECK (phone_number ~* '^\+[0-9]{1,15}$'), 
	UNIQUE (username), 
	UNIQUE (email)
)


[sqlalchemy.engine.Engine][2023-05-01 10:48:40][INFO][base][_exec_single_context][1900]: [no key 0.00013s] ()
[sqlalchemy.engine.Engine][2023-05-01 10:48:40][INFO][base][_exec_single_context][1895]: CREATE UNIQUE INDEX ix_users_id ON users (id)
[sqlalchemy.engine.Engine][2023-05-01 10:48:40][INFO][base][_exec_single_context][1900]: [no key 0.00010s] ()
[sqlalchemy.engine.Engine][2023-05-01 10:48:40][INFO][base][_exec_single_context][1895]: COMMENT ON COLUMN users.id IS 'ID of the User'
[sqlalchemy.engine.Engine][2023-05-01 10:48:40][INFO][base][_exec_single_context][1900]: [no key 0.00009s] ()
[sqlalchemy.engine.Engine][2023-05-01 10:48:40][INFO][base][_exec_single_context][1895]: COMMENT ON COLUMN users.username IS 'Username to identify the user'
[sqlalchemy.engine.Engine][2023-05-01 10:48:40][INFO][base][_exec_single_context][1900]: [no key 0.00010s] ()
[sqlalchemy.engine.Engine][2023-05-01 10:48:40][INFO][base][_exec_single_context][1895]: COMMENT ON COLUMN users.email IS 'Preferred e-mail address of the User'
[sqlalchemy.engine.Engine][2023-05-01 10:48:40][INFO][base][_exec_single_context][1900]: [no key 0.00008s] ()
[sqlalchemy.engine.Engine][2023-05-01 10:48:40][INFO][base][_exec_single_context][1895]: COMMENT ON COLUMN users.first_name IS 'First name(s) of the User'
[sqlalchemy.engine.Engine][2023-05-01 10:48:40][INFO][base][_exec_single_context][1900]: [no key 0.00008s] ()
[sqlalchemy.engine.Engine][2023-05-01 10:48:40][INFO][base][_exec_single_context][1895]: COMMENT ON COLUMN users.middle_name IS 'Middle name(s) of the User'
[sqlalchemy.engine.Engine][2023-05-01 10:48:40][INFO][base][_exec_single_context][1900]: [no key 0.00010s] ()
[sqlalchemy.engine.Engine][2023-05-01 10:48:40][INFO][base][_exec_single_context][1895]: COMMENT ON COLUMN users.last_name IS 'Last name(s) of the User'
[sqlalchemy.engine.Engine][2023-05-01 10:48:40][INFO][base][_exec_single_context][1900]: [no key 0.00008s] ()
[sqlalchemy.engine.Engine][2023-05-01 10:48:40][INFO][base][_exec_single_context][1895]: COMMENT ON COLUMN users.password IS 'Hashed password of the User'
[sqlalchemy.engine.Engine][2023-05-01 10:48:40][INFO][base][_exec_single_context][1900]: [no key 0.00007s] ()
[sqlalchemy.engine.Engine][2023-05-01 10:48:40][INFO][base][_exec_single_context][1895]: COMMENT ON COLUMN users.gender IS 'Gender of the User'
[sqlalchemy.engine.Engine][2023-05-01 10:48:40][INFO][base][_exec_single_context][1900]: [no key 0.00008s] ()
[sqlalchemy.engine.Engine][2023-05-01 10:48:40][INFO][base][_exec_single_context][1895]: COMMENT ON COLUMN users.birthdate IS 'Birthday of the User'
[sqlalchemy.engine.Engine][2023-05-01 10:48:40][INFO][base][_exec_single_context][1900]: [no key 0.00007s] ()
[sqlalchemy.engine.Engine][2023-05-01 10:48:40][INFO][base][_exec_single_context][1895]: COMMENT ON COLUMN users.phone_number IS 'Preferred telephone number of the User'
[sqlalchemy.engine.Engine][2023-05-01 10:48:40][INFO][base][_exec_single_context][1900]: [no key 0.00007s] ()
[sqlalchemy.engine.Engine][2023-05-01 10:48:40][INFO][base][_exec_single_context][1895]: COMMENT ON COLUMN users.city IS 'City for address of the User'
[sqlalchemy.engine.Engine][2023-05-01 10:48:40][INFO][base][_exec_single_context][1900]: [no key 0.00007s] ()
[sqlalchemy.engine.Engine][2023-05-01 10:48:40][INFO][base][_exec_single_context][1895]: COMMENT ON COLUMN users.country IS 'Country for address of the User'
[sqlalchemy.engine.Engine][2023-05-01 10:48:40][INFO][base][_exec_single_context][1900]: [no key 0.00007s] ()
[sqlalchemy.engine.Engine][2023-05-01 10:48:40][INFO][base][_exec_single_context][1895]: COMMENT ON COLUMN users.is_active IS 'True if the user is active; otherwise false'
[sqlalchemy.engine.Engine][2023-05-01 10:48:40][INFO][base][_exec_single_context][1900]: [no key 0.00007s] ()
[sqlalchemy.engine.Engine][2023-05-01 10:48:40][INFO][base][_exec_single_context][1895]: COMMENT ON COLUMN users.is_superuser IS 'True if the user is super user; otherwise false'
[sqlalchemy.engine.Engine][2023-05-01 10:48:40][INFO][base][_exec_single_context][1900]: [no key 0.00007s] ()
[sqlalchemy.engine.Engine][2023-05-01 10:48:40][INFO][base][_exec_single_context][1895]: COMMENT ON COLUMN users.created_at IS 'Time the User was created'
[sqlalchemy.engine.Engine][2023-05-01 10:48:40][INFO][base][_exec_single_context][1900]: [no key 0.00007s] ()
[sqlalchemy.engine.Engine][2023-05-01 10:48:40][INFO][base][_exec_single_context][1895]: COMMENT ON COLUMN users.updated_at IS 'Time the User was updated'
[sqlalchemy.engine.Engine][2023-05-01 10:48:40][INFO][base][_exec_single_context][1900]: [no key 0.00007s] ()
[sqlalchemy.engine.Engine][2023-05-01 10:48:40][INFO][base][_exec_single_context][1895]: 
CREATE TABLE analysis (
	id SERIAL NOT NULL, 
	tweet_id BIGINT NOT NULL, 
	content VARCHAR(280) NOT NULL, 
	tweet_username VARCHAR(15) NOT NULL CHECK (char_length(tweet_username) >= 4), 
	target BOOLEAN NOT NULL, 
	created_at TIMESTAMP(2) WITHOUT TIME ZONE DEFAULT now() NOT NULL, 
	user_id INTEGER NOT NULL, 
	PRIMARY KEY (id), 
	CONSTRAINT tweet_username_format CHECK (tweet_username ~* '^[a-zA-Z0-9_]+$'), 
	FOREIGN KEY(user_id) REFERENCES users (id)
)


[sqlalchemy.engine.Engine][2023-05-01 10:48:40][INFO][base][_exec_single_context][1900]: [no key 0.00009s] ()
[sqlalchemy.engine.Engine][2023-05-01 10:48:40][INFO][base][_exec_single_context][1895]: CREATE UNIQUE INDEX ix_analysis_id ON analysis (id)
[sqlalchemy.engine.Engine][2023-05-01 10:48:40][INFO][base][_exec_single_context][1900]: [no key 0.00010s] ()
[sqlalchemy.engine.Engine][2023-05-01 10:48:40][INFO][base][_exec_single_context][1895]: COMMENT ON COLUMN analysis.id IS 'ID of the Analysis'
[sqlalchemy.engine.Engine][2023-05-01 10:48:40][INFO][base][_exec_single_context][1900]: [no key 0.00010s] ()
[sqlalchemy.engine.Engine][2023-05-01 10:48:40][INFO][base][_exec_single_context][1895]: COMMENT ON COLUMN analysis.tweet_id IS 'ID of the Tweet'
[sqlalchemy.engine.Engine][2023-05-01 10:48:40][INFO][base][_exec_single_context][1900]: [no key 0.00009s] ()
[sqlalchemy.engine.Engine][2023-05-01 10:48:40][INFO][base][_exec_single_context][1895]: COMMENT ON COLUMN analysis.content IS 'The actual UTF-8 text of the status update'
[sqlalchemy.engine.Engine][2023-05-01 10:48:40][INFO][base][_exec_single_context][1900]: [no key 0.00007s] ()
[sqlalchemy.engine.Engine][2023-05-01 10:48:40][INFO][base][_exec_single_context][1895]: COMMENT ON COLUMN analysis.tweet_username IS 'Username to identify the user'
[sqlalchemy.engine.Engine][2023-05-01 10:48:40][INFO][base][_exec_single_context][1900]: [no key 0.00010s] ()
[sqlalchemy.engine.Engine][2023-05-01 10:48:40][INFO][base][_exec_single_context][1895]: COMMENT ON COLUMN analysis.target IS 'True if the user is active; otherwise false'
[sqlalchemy.engine.Engine][2023-05-01 10:48:40][INFO][base][_exec_single_context][1900]: [no key 0.00010s] ()
[sqlalchemy.engine.Engine][2023-05-01 10:48:40][INFO][base][_exec_single_context][1895]: COMMENT ON COLUMN analysis.created_at IS 'Time the Analysis was performed'
[sqlalchemy.engine.Engine][2023-05-01 10:48:40][INFO][base][_exec_single_context][1900]: [no key 0.00009s] ()
[sqlalchemy.engine.Engine][2023-05-01 10:48:40][INFO][base][_exec_single_context][1895]: COMMENT ON COLUMN analysis.user_id IS 'ID of the User who performed the Analysis'
[sqlalchemy.engine.Engine][2023-05-01 10:48:40][INFO][base][_exec_single_context][1900]: [no key 0.00007s] ()
[sqlalchemy.engine.Engine][2023-05-01 10:48:40][INFO][base][_exec_single_context][1895]: 
CREATE TABLE model (
	id SERIAL NOT NULL, 
	tweet_id BIGINT NOT NULL, 
	model_name VARCHAR NOT NULL, 
	accuracy FLOAT NOT NULL, 
	precision FLOAT NOT NULL, 
	recall FLOAT NOT NULL, 
	f1_score FLOAT NOT NULL, 
	roc_auc FLOAT NOT NULL, 
	computing_time FLOAT NOT NULL, 
	created_at TIMESTAMP(2) WITHOUT TIME ZONE DEFAULT now() NOT NULL, 
	analysis_id INTEGER NOT NULL, 
	PRIMARY KEY (id), 
	FOREIGN KEY(analysis_id) REFERENCES analysis (id)
)


[sqlalchemy.engine.Engine][2023-05-01 10:48:40][INFO][base][_exec_single_context][1900]: [no key 0.00009s] ()
[sqlalchemy.engine.Engine][2023-05-01 10:48:40][INFO][base][_exec_single_context][1895]: CREATE UNIQUE INDEX ix_model_id ON model (id)
[sqlalchemy.engine.Engine][2023-05-01 10:48:40][INFO][base][_exec_single_context][1900]: [no key 0.00009s] ()
[sqlalchemy.engine.Engine][2023-05-01 10:48:40][INFO][base][_exec_single_context][1895]: COMMENT ON COLUMN model.id IS 'ID of the Model'
[sqlalchemy.engine.Engine][2023-05-01 10:48:40][INFO][base][_exec_single_context][1900]: [no key 0.00008s] ()
[sqlalchemy.engine.Engine][2023-05-01 10:48:40][INFO][base][_exec_single_context][1895]: COMMENT ON COLUMN model.tweet_id IS 'ID of the Tweet'
[sqlalchemy.engine.Engine][2023-05-01 10:48:40][INFO][base][_exec_single_context][1900]: [no key 0.00010s] ()
[sqlalchemy.engine.Engine][2023-05-01 10:48:40][INFO][base][_exec_single_context][1895]: COMMENT ON COLUMN model.model_name IS 'Name of the model'
[sqlalchemy.engine.Engine][2023-05-01 10:48:40][INFO][base][_exec_single_context][1900]: [no key 0.00008s] ()
[sqlalchemy.engine.Engine][2023-05-01 10:48:40][INFO][base][_exec_single_context][1895]: COMMENT ON COLUMN model.accuracy IS 'Accuracy score of the model'
[sqlalchemy.engine.Engine][2023-05-01 10:48:40][INFO][base][_exec_single_context][1900]: [no key 0.00007s] ()
[sqlalchemy.engine.Engine][2023-05-01 10:48:40][INFO][base][_exec_single_context][1895]: COMMENT ON COLUMN model.precision IS 'Precision score of the model'
[sqlalchemy.engine.Engine][2023-05-01 10:48:40][INFO][base][_exec_single_context][1900]: [no key 0.00007s] ()
[sqlalchemy.engine.Engine][2023-05-01 10:48:40][INFO][base][_exec_single_context][1895]: COMMENT ON COLUMN model.recall IS 'Recall score of the model'
[sqlalchemy.engine.Engine][2023-05-01 10:48:40][INFO][base][_exec_single_context][1900]: [no key 0.00008s] ()
[sqlalchemy.engine.Engine][2023-05-01 10:48:40][INFO][base][_exec_single_context][1895]: COMMENT ON COLUMN model.f1_score IS 'F1 score of the model'
[sqlalchemy.engine.Engine][2023-05-01 10:48:40][INFO][base][_exec_single_context][1900]: [no key 0.00007s] ()
[sqlalchemy.engine.Engine][2023-05-01 10:48:40][INFO][base][_exec_single_context][1895]: COMMENT ON COLUMN model.roc_auc IS 'Area Under the Receiver Operating Characteristic Curve for the model'
[sqlalchemy.engine.Engine][2023-05-01 10:48:40][INFO][base][_exec_single_context][1900]: [no key 0.00007s] ()
[sqlalchemy.engine.Engine][2023-05-01 10:48:40][INFO][base][_exec_single_context][1895]: COMMENT ON COLUMN model.computing_time IS 'The time it took to classify the tweet'
[sqlalchemy.engine.Engine][2023-05-01 10:48:40][INFO][base][_exec_single_context][1900]: [no key 0.00010s] ()
[sqlalchemy.engine.Engine][2023-05-01 10:48:40][INFO][base][_exec_single_context][1895]: COMMENT ON COLUMN model.created_at IS 'Time the Model was executed'
[sqlalchemy.engine.Engine][2023-05-01 10:48:40][INFO][base][_exec_single_context][1900]: [no key 0.00008s] ()
[sqlalchemy.engine.Engine][2023-05-01 10:48:40][INFO][base][_exec_single_context][1895]: COMMENT ON COLUMN model.analysis_id IS 'ID of the Analysis where the model was executed'
[sqlalchemy.engine.Engine][2023-05-01 10:48:40][INFO][base][_exec_single_context][1900]: [no key 0.00007s] ()
[sqlalchemy.engine.Engine][2023-05-01 10:48:40][INFO][base][_commit_impl][1131]: COMMIT
[app.core.decorators][2023-05-01 10:48:40][INFO][decorators][wrapper][32]: Calling create_user
[app.core.decorators][2023-05-01 10:48:40][INFO][decorators][wrapper][64]: Execution of create_user took 3.999739419668913e-07 seconds.
[app.core.decorators][2023-05-01 10:48:40][INFO][decorators][wrapper][34]: Finished create_user
[passlib.handlers.bcrypt][2023-05-01 10:48:40][DEBUG][bcrypt][_load_backend_mixin][625]: detected 'bcrypt' backend, version '4.0.1'
[passlib.handlers.bcrypt][2023-05-01 10:48:40][DEBUG][bcrypt][_finalize_backend_mixin][406]: 'bcrypt' backend lacks $2$ support, enabling workaround
[sqlalchemy.engine.Engine][2023-05-01 10:48:41][INFO][base][_begin_impl][1087]: BEGIN (implicit)
[sqlalchemy.engine.Engine][2023-05-01 10:48:41][INFO][base][_exec_single_context][1895]: INSERT INTO users (username, email, first_name, middle_name, last_name, password, gender, birthdate, phone_number, city, country, is_active, is_superuser, created_at, updated_at) VALUES ($1::VARCHAR, $2::VARCHAR, $3::VARCHAR, $4::VARCHAR, $5::VARCHAR, $6::VARCHAR, $7::gender, $8::DATE, $9::VARCHAR, $10::VARCHAR, $11::VARCHAR, $12::BOOLEAN, $13::BOOLEAN, $14::TIMESTAMP WITHOUT TIME ZONE, $15::TIMESTAMP WITHOUT TIME ZONE) RETURNING users.id
[sqlalchemy.engine.Engine][2023-05-01 10:48:41][INFO][base][_exec_single_context][1900]: [generated in 0.00024s] ('jpcadena', 'jpcadena@espol.edu.ec', 'Admin', None, 'Jpcadena', '$2b$12$cgQuakA.ZCt/ydzkCmOh6uvZLwd/ueJ8gSzjz3RU6lnXv8rBQRdKm', None, None, None, 'Guayaquil', 'Ecuador', True, True, datetime.datetime(2023, 5, 1, 10, 48, 39, 693089), None)
[sqlalchemy.engine.Engine][2023-05-01 10:48:41][INFO][base][_commit_impl][1131]: COMMIT
[app.core.decorators][2023-05-01 10:48:41][INFO][decorators][wrapper][32]: Calling filter
[app.core.decorators][2023-05-01 10:48:41][INFO][decorators][wrapper][64]: Execution of filter took 9.00006853044033e-07 seconds.
[app.core.decorators][2023-05-01 10:48:41][INFO][decorators][wrapper][34]: Finished filter
[app.crud.filter][2023-05-01 10:48:41][INFO][filter][filter][66]: Retrieving row with id: 1
[app.db.init_db][2023-05-01 10:48:41][INFO][init_db][init_db][88]: Superuser created with email jpca****@es***.edu.ec
[app.core.decorators][2023-05-01 10:48:41][INFO][decorators][wrapper][32]: Calling init_auth_db
[app.core.decorators][2023-05-01 10:48:41][INFO][decorators][wrapper][64]: Execution of init_auth_db took 5.00003807246685e-07 seconds.
[app.core.decorators][2023-05-01 10:48:41][INFO][decorators][wrapper][34]: Finished init_auth_db
[app.db.authentication][2023-05-01 10:48:41][INFO][authentication][init_auth_db][32]: Redis Database initialized
[main][2023-05-01 10:48:48][INFO][main][welcome_message][80]: Salute!
[multipart.multipart][2023-05-01 10:49:25][DEBUG][multipart][callback][586]: Calling on_field_start with no data
[multipart.multipart][2023-05-01 10:49:25][DEBUG][multipart][callback][583]: Calling on_field_name with data[0:10]
[multipart.multipart][2023-05-01 10:49:25][DEBUG][multipart][callback][583]: Calling on_field_data with data[11:19]
[multipart.multipart][2023-05-01 10:49:25][DEBUG][multipart][callback][586]: Calling on_field_end with no data
[multipart.multipart][2023-05-01 10:49:25][DEBUG][multipart][callback][586]: Calling on_field_start with no data
[multipart.multipart][2023-05-01 10:49:25][DEBUG][multipart][callback][583]: Calling on_field_name with data[20:28]
[multipart.multipart][2023-05-01 10:49:25][DEBUG][multipart][callback][583]: Calling on_field_data with data[29:37]
[multipart.multipart][2023-05-01 10:49:25][DEBUG][multipart][callback][586]: Calling on_field_end with no data
[multipart.multipart][2023-05-01 10:49:25][DEBUG][multipart][callback][586]: Calling on_field_start with no data
[multipart.multipart][2023-05-01 10:49:25][DEBUG][multipart][callback][583]: Calling on_field_name with data[38:46]
[multipart.multipart][2023-05-01 10:49:25][DEBUG][multipart][callback][583]: Calling on_field_data with data[47:65]
[multipart.multipart][2023-05-01 10:49:25][DEBUG][multipart][callback][586]: Calling on_field_end with no data
[multipart.multipart][2023-05-01 10:49:25][DEBUG][multipart][callback][586]: Calling on_end with no data
[app.core.decorators][2023-05-01 10:49:25][INFO][decorators][wrapper][32]: Calling get_session
[app.core.decorators][2023-05-01 10:49:25][INFO][decorators][wrapper][64]: Execution of get_session took 5.00003807246685e-07 seconds.
[app.core.decorators][2023-05-01 10:49:25][INFO][decorators][wrapper][34]: Finished get_session
[app.core.decorators][2023-05-01 10:49:25][INFO][decorators][wrapper][32]: Calling get_db
[app.core.decorators][2023-05-01 10:49:25][INFO][decorators][wrapper][34]: Finished get_db
[app.core.decorators][2023-05-01 10:49:25][INFO][decorators][wrapper][32]: Calling filter
[app.core.decorators][2023-05-01 10:49:25][INFO][decorators][wrapper][64]: Execution of filter took 7.00005330145359e-07 seconds.
[app.core.decorators][2023-05-01 10:49:25][INFO][decorators][wrapper][34]: Finished filter
[sqlalchemy.engine.Engine][2023-05-01 10:49:25][INFO][base][_begin_impl][1087]: BEGIN (implicit)
[sqlalchemy.engine.Engine][2023-05-01 10:49:25][INFO][base][_exec_single_context][1895]: SELECT users.id, users.username, users.email, users.first_name, users.middle_name, users.last_name, users.password, users.gender, users.birthdate, users.phone_number, users.city, users.country, users.is_active, users.is_superuser, users.created_at, users.updated_at 
FROM users 
WHERE users.username = $1::VARCHAR
[sqlalchemy.engine.Engine][2023-05-01 10:49:25][INFO][base][_exec_single_context][1900]: [generated in 0.00015s] ('jpcadena',)
[sqlalchemy.engine.Engine][2023-05-01 10:49:25][INFO][base][_exec_single_context][1895]: SELECT analysis.user_id AS analysis_user_id, analysis.id AS analysis_id, analysis.tweet_id AS analysis_tweet_id, analysis.content AS analysis_content, analysis.tweet_username AS analysis_tweet_username, analysis.target AS analysis_target, analysis.created_at AS analysis_created_at 
FROM analysis 
WHERE analysis.user_id IN ($1::INTEGER)
[sqlalchemy.engine.Engine][2023-05-01 10:49:25][INFO][base][_exec_single_context][1900]: [generated in 0.00016s] (1,)
[app.crud.filter][2023-05-01 10:49:25][INFO][filter][filter][93]: Retrieving row with filter: jpcadena
[sqlalchemy.engine.Engine][2023-05-01 10:49:25][INFO][base][_rollback_impl][1113]: ROLLBACK
[app.core.decorators][2023-05-01 10:49:25][INFO][decorators][wrapper][32]: Calling create_access_token
[app.core.decorators][2023-05-01 10:49:25][INFO][decorators][wrapper][64]: Execution of create_access_token took 7.999769877642393e-07 seconds.
[app.core.decorators][2023-05-01 10:49:25][INFO][decorators][wrapper][34]: Finished create_access_token
[app.core.security.jwt][2023-05-01 10:49:25][INFO][jwt][create_access_token][63]: JWT created with JTI: e703af3d-ee71-4830-86e8-1210d8d096ff for sub: username:1. Expires in 0:29:59.997000.
[app.core.decorators][2023-05-01 10:49:25][INFO][decorators][wrapper][32]: Calling create_refresh_token
[app.core.decorators][2023-05-01 10:49:25][INFO][decorators][wrapper][34]: Finished create_refresh_token
[app.core.decorators][2023-05-01 10:49:25][INFO][decorators][wrapper][32]: Calling create_access_token
[app.core.decorators][2023-05-01 10:49:25][INFO][decorators][wrapper][64]: Execution of create_access_token took 6.00004568696022e-07 seconds.
[app.core.decorators][2023-05-01 10:49:25][INFO][decorators][wrapper][34]: Finished create_access_token
[app.core.security.jwt][2023-05-01 10:49:25][INFO][jwt][create_access_token][63]: JWT created with JTI: e703af3d-ee71-4830-86e8-1210d8d096ff for sub: username:1. Expires in 8 days, 0:00:00.
[multipart.multipart][2023-05-01 10:49:50][DEBUG][multipart][callback][586]: Calling on_field_start with no data
[multipart.multipart][2023-05-01 10:49:50][DEBUG][multipart][callback][583]: Calling on_field_name with data[0:10]
[multipart.multipart][2023-05-01 10:49:50][DEBUG][multipart][callback][586]: Calling on_field_end with no data
[multipart.multipart][2023-05-01 10:49:50][DEBUG][multipart][callback][586]: Calling on_field_start with no data
[multipart.multipart][2023-05-01 10:49:50][DEBUG][multipart][callback][583]: Calling on_field_name with data[12:20]
[multipart.multipart][2023-05-01 10:49:50][DEBUG][multipart][callback][583]: Calling on_field_data with data[21:28]
[multipart.multipart][2023-05-01 10:49:50][DEBUG][multipart][callback][586]: Calling on_field_end with no data
[multipart.multipart][2023-05-01 10:49:50][DEBUG][multipart][callback][586]: Calling on_field_start with no data
[multipart.multipart][2023-05-01 10:49:50][DEBUG][multipart][callback][583]: Calling on_field_name with data[29:37]
[multipart.multipart][2023-05-01 10:49:50][DEBUG][multipart][callback][583]: Calling on_field_data with data[38:56]
[multipart.multipart][2023-05-01 10:49:50][DEBUG][multipart][callback][586]: Calling on_field_end with no data
[multipart.multipart][2023-05-01 10:49:50][DEBUG][multipart][callback][586]: Calling on_field_start with no data
[multipart.multipart][2023-05-01 10:49:50][DEBUG][multipart][callback][583]: Calling on_field_name with data[57:62]
[multipart.multipart][2023-05-01 10:49:50][DEBUG][multipart][callback][586]: Calling on_field_end with no data
[multipart.multipart][2023-05-01 10:49:50][DEBUG][multipart][callback][586]: Calling on_field_start with no data
[multipart.multipart][2023-05-01 10:49:50][DEBUG][multipart][callback][583]: Calling on_field_name with data[64:73]
[multipart.multipart][2023-05-01 10:49:50][DEBUG][multipart][callback][586]: Calling on_field_end with no data
[multipart.multipart][2023-05-01 10:49:50][DEBUG][multipart][callback][586]: Calling on_field_start with no data
[multipart.multipart][2023-05-01 10:49:50][DEBUG][multipart][callback][583]: Calling on_field_name with data[75:88]
[multipart.multipart][2023-05-01 10:49:50][DEBUG][multipart][callback][586]: Calling on_field_end with no data
[multipart.multipart][2023-05-01 10:49:50][DEBUG][multipart][callback][586]: Calling on_end with no data
[app.core.decorators][2023-05-01 10:49:50][INFO][decorators][wrapper][32]: Calling get_session
[app.core.decorators][2023-05-01 10:49:50][INFO][decorators][wrapper][64]: Execution of get_session took 5.00003807246685e-07 seconds.
[app.core.decorators][2023-05-01 10:49:50][INFO][decorators][wrapper][34]: Finished get_session
[app.core.decorators][2023-05-01 10:49:50][INFO][decorators][wrapper][32]: Calling get_db
[app.core.decorators][2023-05-01 10:49:50][INFO][decorators][wrapper][34]: Finished get_db
[app.core.decorators][2023-05-01 10:49:50][INFO][decorators][wrapper][32]: Calling filter
[app.core.decorators][2023-05-01 10:49:50][INFO][decorators][wrapper][64]: Execution of filter took 8.00006091594696e-07 seconds.
[app.core.decorators][2023-05-01 10:49:50][INFO][decorators][wrapper][34]: Finished filter
[sqlalchemy.engine.Engine][2023-05-01 10:49:50][INFO][base][_begin_impl][1087]: BEGIN (implicit)
[sqlalchemy.engine.Engine][2023-05-01 10:49:50][INFO][base][_exec_single_context][1895]: SELECT users.id, users.username, users.email, users.first_name, users.middle_name, users.last_name, users.password, users.gender, users.birthdate, users.phone_number, users.city, users.country, users.is_active, users.is_superuser, users.created_at, users.updated_at 
FROM users 
WHERE users.username = $1::VARCHAR
[sqlalchemy.engine.Engine][2023-05-01 10:49:50][INFO][base][_exec_single_context][1900]: [cached since 24.6s ago] ('jcadena',)
[app.crud.filter][2023-05-01 10:49:50][ERROR][filter][filter][91]: No row was found when one was required
[sqlalchemy.engine.Engine][2023-05-01 10:49:50][INFO][base][_rollback_impl][1113]: ROLLBACK
[app.api.api_v1.router.authentication][2023-05-01 10:49:50][ERROR][authentication][login][61]: No row was found when one was required
[multipart.multipart][2023-05-01 10:50:01][DEBUG][multipart][callback][586]: Calling on_field_start with no data
[multipart.multipart][2023-05-01 10:50:01][DEBUG][multipart][callback][583]: Calling on_field_name with data[0:10]
[multipart.multipart][2023-05-01 10:50:01][DEBUG][multipart][callback][586]: Calling on_field_end with no data
[multipart.multipart][2023-05-01 10:50:01][DEBUG][multipart][callback][586]: Calling on_field_start with no data
[multipart.multipart][2023-05-01 10:50:01][DEBUG][multipart][callback][583]: Calling on_field_name with data[12:20]
[multipart.multipart][2023-05-01 10:50:01][DEBUG][multipart][callback][583]: Calling on_field_data with data[21:29]
[multipart.multipart][2023-05-01 10:50:01][DEBUG][multipart][callback][586]: Calling on_field_end with no data
[multipart.multipart][2023-05-01 10:50:01][DEBUG][multipart][callback][586]: Calling on_field_start with no data
[multipart.multipart][2023-05-01 10:50:01][DEBUG][multipart][callback][583]: Calling on_field_name with data[30:38]
[multipart.multipart][2023-05-01 10:50:01][DEBUG][multipart][callback][583]: Calling on_field_data with data[39:57]
[multipart.multipart][2023-05-01 10:50:01][DEBUG][multipart][callback][586]: Calling on_field_end with no data
[multipart.multipart][2023-05-01 10:50:01][DEBUG][multipart][callback][586]: Calling on_field_start with no data
[multipart.multipart][2023-05-01 10:50:01][DEBUG][multipart][callback][583]: Calling on_field_name with data[58:63]
[multipart.multipart][2023-05-01 10:50:01][DEBUG][multipart][callback][586]: Calling on_field_end with no data
[multipart.multipart][2023-05-01 10:50:01][DEBUG][multipart][callback][586]: Calling on_field_start with no data
[multipart.multipart][2023-05-01 10:50:01][DEBUG][multipart][callback][583]: Calling on_field_name with data[65:74]
[multipart.multipart][2023-05-01 10:50:01][DEBUG][multipart][callback][586]: Calling on_field_end with no data
[multipart.multipart][2023-05-01 10:50:01][DEBUG][multipart][callback][586]: Calling on_field_start with no data
[multipart.multipart][2023-05-01 10:50:01][DEBUG][multipart][callback][583]: Calling on_field_name with data[76:89]
[multipart.multipart][2023-05-01 10:50:01][DEBUG][multipart][callback][586]: Calling on_field_end with no data
[multipart.multipart][2023-05-01 10:50:01][DEBUG][multipart][callback][586]: Calling on_end with no data
[app.core.decorators][2023-05-01 10:50:01][INFO][decorators][wrapper][32]: Calling get_session
[app.core.decorators][2023-05-01 10:50:01][INFO][decorators][wrapper][64]: Execution of get_session took 6.999762263149023e-07 seconds.
[app.core.decorators][2023-05-01 10:50:01][INFO][decorators][wrapper][34]: Finished get_session
[app.core.decorators][2023-05-01 10:50:01][INFO][decorators][wrapper][32]: Calling get_db
[app.core.decorators][2023-05-01 10:50:01][INFO][decorators][wrapper][34]: Finished get_db
[app.core.decorators][2023-05-01 10:50:01][INFO][decorators][wrapper][32]: Calling filter
[app.core.decorators][2023-05-01 10:50:01][INFO][decorators][wrapper][64]: Execution of filter took 3.00002284348011e-07 seconds.
[app.core.decorators][2023-05-01 10:50:01][INFO][decorators][wrapper][34]: Finished filter
[sqlalchemy.engine.Engine][2023-05-01 10:50:01][INFO][base][_begin_impl][1087]: BEGIN (implicit)
[sqlalchemy.engine.Engine][2023-05-01 10:50:01][INFO][base][_exec_single_context][1895]: SELECT users.id, users.username, users.email, users.first_name, users.middle_name, users.last_name, users.password, users.gender, users.birthdate, users.phone_number, users.city, users.country, users.is_active, users.is_superuser, users.created_at, users.updated_at 
FROM users 
WHERE users.username = $1::VARCHAR
[sqlalchemy.engine.Engine][2023-05-01 10:50:01][INFO][base][_exec_single_context][1900]: [cached since 36.18s ago] ('jpcadena',)
[sqlalchemy.engine.Engine][2023-05-01 10:50:01][INFO][base][_exec_single_context][1895]: SELECT analysis.user_id AS analysis_user_id, analysis.id AS analysis_id, analysis.tweet_id AS analysis_tweet_id, analysis.content AS analysis_content, analysis.tweet_username AS analysis_tweet_username, analysis.target AS analysis_target, analysis.created_at AS analysis_created_at 
FROM analysis 
WHERE analysis.user_id IN ($1::INTEGER)
[sqlalchemy.engine.Engine][2023-05-01 10:50:01][INFO][base][_exec_single_context][1900]: [cached since 36.18s ago] (1,)
[app.crud.filter][2023-05-01 10:50:01][INFO][filter][filter][93]: Retrieving row with filter: jpcadena
[sqlalchemy.engine.Engine][2023-05-01 10:50:01][INFO][base][_rollback_impl][1113]: ROLLBACK
[app.core.decorators][2023-05-01 10:50:01][INFO][decorators][wrapper][32]: Calling create_access_token
[app.core.decorators][2023-05-01 10:50:01][INFO][decorators][wrapper][64]: Execution of create_access_token took 9.00006853044033e-07 seconds.
[app.core.decorators][2023-05-01 10:50:01][INFO][decorators][wrapper][34]: Finished create_access_token
[app.core.security.jwt][2023-05-01 10:50:01][INFO][jwt][create_access_token][63]: JWT created with JTI: defb88d9-645a-4776-a315-ae9eba117111 for sub: username:1. Expires in 0:30:00.
[app.core.decorators][2023-05-01 10:50:01][INFO][decorators][wrapper][32]: Calling create_refresh_token
[app.core.decorators][2023-05-01 10:50:01][INFO][decorators][wrapper][34]: Finished create_refresh_token
[app.core.decorators][2023-05-01 10:50:01][INFO][decorators][wrapper][32]: Calling create_access_token
[app.core.decorators][2023-05-01 10:50:01][INFO][decorators][wrapper][64]: Execution of create_access_token took 6.00004568696022e-07 seconds.
[app.core.decorators][2023-05-01 10:50:01][INFO][decorators][wrapper][34]: Finished create_access_token
[app.core.security.jwt][2023-05-01 10:50:01][INFO][jwt][create_access_token][63]: JWT created with JTI: defb88d9-645a-4776-a315-ae9eba117111 for sub: username:1. Expires in 8 days, 0:00:00.
[app.core.decorators][2023-05-01 10:51:03][INFO][decorators][wrapper][32]: Calling get_session
[app.core.decorators][2023-05-01 10:51:03][INFO][decorators][wrapper][64]: Execution of get_session took 7.00005330145359e-07 seconds.
[app.core.decorators][2023-05-01 10:51:03][INFO][decorators][wrapper][34]: Finished get_session
[app.core.decorators][2023-05-01 10:51:03][INFO][decorators][wrapper][32]: Calling get_db
[app.core.decorators][2023-05-01 10:51:03][INFO][decorators][wrapper][34]: Finished get_db
[app.core.decorators][2023-05-01 10:51:03][INFO][decorators][wrapper][32]: Calling filter
[app.core.decorators][2023-05-01 10:51:03][INFO][decorators][wrapper][64]: Execution of filter took 6.00004568696022e-07 seconds.
[app.core.decorators][2023-05-01 10:51:03][INFO][decorators][wrapper][34]: Finished filter
[sqlalchemy.engine.Engine][2023-05-01 10:51:03][INFO][base][_begin_impl][1087]: BEGIN (implicit)
[sqlalchemy.engine.Engine][2023-05-01 10:51:03][INFO][base][_exec_single_context][1895]: SELECT users.id, users.username, users.email, users.first_name, users.middle_name, users.last_name, users.password, users.gender, users.birthdate, users.phone_number, users.city, users.country, users.is_active, users.is_superuser, users.created_at, users.updated_at 
FROM users 
WHERE users.username = $1::VARCHAR
[sqlalchemy.engine.Engine][2023-05-01 10:51:03][INFO][base][_exec_single_context][1900]: [cached since 98.06s ago] ('jpcadena',)
[sqlalchemy.engine.Engine][2023-05-01 10:51:03][INFO][base][_exec_single_context][1895]: SELECT analysis.user_id AS analysis_user_id, analysis.id AS analysis_id, analysis.tweet_id AS analysis_tweet_id, analysis.content AS analysis_content, analysis.tweet_username AS analysis_tweet_username, analysis.target AS analysis_target, analysis.created_at AS analysis_created_at 
FROM analysis 
WHERE analysis.user_id IN ($1::INTEGER)
[sqlalchemy.engine.Engine][2023-05-01 10:51:03][INFO][base][_exec_single_context][1900]: [cached since 98.06s ago] (1,)
[app.crud.filter][2023-05-01 10:51:03][INFO][filter][filter][93]: Retrieving row with filter: jpcadena
[sqlalchemy.engine.Engine][2023-05-01 10:51:03][INFO][base][_rollback_impl][1113]: ROLLBACK
[app.core.decorators][2023-05-01 10:51:03][INFO][decorators][wrapper][32]: Calling filter
[app.core.decorators][2023-05-01 10:51:03][INFO][decorators][wrapper][64]: Execution of filter took 5.00003807246685e-07 seconds.
[app.core.decorators][2023-05-01 10:51:03][INFO][decorators][wrapper][34]: Finished filter
[sqlalchemy.engine.Engine][2023-05-01 10:51:03][INFO][base][_begin_impl][1087]: BEGIN (implicit)
[sqlalchemy.engine.Engine][2023-05-01 10:51:03][INFO][base][_exec_single_context][1895]: SELECT users.id AS users_id, users.username AS users_username, users.email AS users_email, users.first_name AS users_first_name, users.middle_name AS users_middle_name, users.last_name AS users_last_name, users.password AS users_password, users.gender AS users_gender, users.birthdate AS users_birthdate, users.phone_number AS users_phone_number, users.city AS users_city, users.country AS users_country, users.is_active AS users_is_active, users.is_superuser AS users_is_superuser, users.created_at AS users_created_at, users.updated_at AS users_updated_at 
FROM users 
WHERE users.id = $1::INTEGER
[sqlalchemy.engine.Engine][2023-05-01 10:51:03][INFO][base][_exec_single_context][1900]: [generated in 0.00013s] (1,)
[sqlalchemy.engine.Engine][2023-05-01 10:51:03][INFO][base][_exec_single_context][1895]: SELECT analysis.user_id AS analysis_user_id, analysis.id AS analysis_id, analysis.tweet_id AS analysis_tweet_id, analysis.content AS analysis_content, analysis.tweet_username AS analysis_tweet_username, analysis.target AS analysis_target, analysis.created_at AS analysis_created_at 
FROM analysis 
WHERE analysis.user_id IN ($1::INTEGER)
[sqlalchemy.engine.Engine][2023-05-01 10:51:03][INFO][base][_exec_single_context][1900]: [cached since 98.06s ago] (1,)
[app.crud.filter][2023-05-01 10:51:03][INFO][filter][filter][66]: Retrieving row with id: 1
[sqlalchemy.engine.Engine][2023-05-01 10:51:03][INFO][base][_rollback_impl][1113]: ROLLBACK
